<?xml version="1.0" encoding="UTF-8"?>
<!-- Generated by org.testng.reporters.JUnitXMLReporter -->
<testsuite hostname="DESKTOP-QRBDM40" ignored="2" name="360租房运营平台(Java)" tests="1" failures="0" timestamp="2020-09-09T15:37:36 CST" time="13.183" errors="0">
  <testcase name="TestCase1_Normal_Login" time="3.581" classname="TestCase.Login"/>
  <testcase name="TestCase2_Wrong_Login" time="0.0" classname="TestCase.Login">
    <ignored/>
  </testcase> <!-- TestCase2_Wrong_Login -->
  <testcase name="TestCase3_logOut" time="0.0" classname="TestCase.Login">
    <ignored/>
  </testcase> <!-- TestCase3_logOut -->
</testsuite> <!-- 360租房运营平台(Java) -->
