<?xml version="1.0" encoding="UTF-8"?>
<testng-results skipped="0" failed="0" ignored="2" total="3" passed="1">
  <reporter-output>
  </reporter-output>
  <suite name="Default Suite" duration-ms="13159" started-at="2020-09-10T11:25:30 CST" finished-at="2020-09-10T11:25:43 CST">
    <groups>
    </groups>
    <test name="360租房运营平台(Java)" duration-ms="13159" started-at="2020-09-10T11:25:30 CST" finished-at="2020-09-10T11:25:43 CST">
      <class name="TestCase.Login">
        <test-method status="PASS" signature="setUp()[pri:0, instance:TestCase.Login@55ca8de8]" name="setUp" is-config="true" duration-ms="8496" started-at="2020-09-10T11:25:30 CST" finished-at="2020-09-10T11:25:39 CST">
          <reporter-output>
          </reporter-output>
        </test-method> <!-- setUp -->
        <test-method status="PASS" signature="TestCase1_Normal_Login(java.lang.String, java.lang.String)[pri:0, instance:TestCase.Login@55ca8de8]" name="TestCase1_Normal_Login" duration-ms="3653" started-at="2020-09-10T11:25:39 CST" description="正常登陆" data-provider="Normal_Account" finished-at="2020-09-10T11:25:42 CST">
          <params>
            <param index="0">
              <value>
                <![CDATA[admin]]>
              </value>
            </param>
            <param index="1">
              <value>
                <![CDATA[password]]>
              </value>
            </param>
          </params>
          <reporter-output>
          </reporter-output>
        </test-method> <!-- TestCase1_Normal_Login -->
        <test-method status="PASS" signature="tearDown()[pri:0, instance:TestCase.Login@55ca8de8]" name="tearDown" is-config="true" duration-ms="707" started-at="2020-09-10T11:25:42 CST" finished-at="2020-09-10T11:25:43 CST">
          <reporter-output>
          </reporter-output>
        </test-method> <!-- tearDown -->
      </class> <!-- TestCase.Login -->
    </test> <!-- 360租房运营平台(Java) -->
  </suite> <!-- Default Suite -->
</testng-results>
